<?xml version="1.0" encoding="utf-8"?><testsuites name="pytest tests"><testsuite name="pytest" errors="0" failures="0" skipped="0" tests="11" time="2.414" timestamp="2026-04-28T06:48:59.167694+00:00" hostname="agent-env-b5153b7f-f55e-4371-9ab3-db83aeff2190"><testcase classname="tests.test_kynthia_api.TestHealth" name="test_root" time="0.391" /><testcase classname="tests.test_kynthia_api.TestHealth" name="test_health" time="0.058" /><testcase classname="tests.test_kynthia_api.TestQuoteCreate" name="test_create_valid_echo" time="0.105" /><testcase classname="tests.test_kynthia_api.TestQuoteCreate" name="test_create_valid_unsure_optional_fields" time="0.059" /><testcase classname="tests.test_kynthia_api.TestQuoteCreate" name="test_create_valid_cosmos" time="0.061" /><testcase classname="tests.test_kynthia_api.TestQuoteCreate" name="test_missing_name" time="0.061" /><testcase classname="tests.test_kynthia_api.TestQuoteCreate" name="test_invalid_email" time="0.057" /><testcase classname="tests.test_kynthia_api.TestQuoteCreate" name="test_invalid_tier_enum" time="0.112" /><testcase classname="tests.test_kynthia_api.TestQuoteCreate" name="test_empty_message" time="0.054" /><testcase classname="tests.test_kynthia_api.TestQuoteList" name="test_list_returns_list_no_objectid_sorted" time="0.176" /><testcase classname="tests.test_kynthia_api.TestQuoteList" name="test_create_then_appears_in_list" time="0.113" /></testsuite></testsuites>